<?xml version="1.0" encoding="UTF-8"?>
<!-- Generated by org.testng.reporters.JUnitXMLReporter -->
<testsuite ignored="3" hostname="DESKTOP-HL4JRJF" failures="0" tests="1" name="Default test" time="5.383" errors="0" timestamp="2022-09-12T20:48:23 IST">
  <testcase classname="com.qa.DB_Testing.DB_Test" name="getTableData" time="1.043"/>
  <testcase classname="com.qa.DB_Testing.DB_Test" name="updateData" time="0.0">
    <ignored/>
  </testcase> <!-- updateData -->
  <testcase classname="com.qa.DB_Testing.DB_Test" name="deleteData" time="0.0">
    <ignored/>
  </testcase> <!-- deleteData -->
  <testcase classname="com.qa.DB_Testing.DB_Test" name="insertData" time="0.0">
    <ignored/>
  </testcase> <!-- insertData -->
</testsuite> <!-- Default test -->
