<?xml version="1.0" encoding="UTF-8"?>
<testng-results ignored="3" total="4" passed="1" failed="0" skipped="0">
  <reporter-output>
  </reporter-output>
  <suite started-at="2022-09-12T20:48:17 IST" name="Default suite" finished-at="2022-09-12T20:48:22 IST" duration-ms="5383">
    <groups>
    </groups>
    <test started-at="2022-09-12T20:48:17 IST" name="Default test" finished-at="2022-09-12T20:48:22 IST" duration-ms="5383">
      <class name="com.qa.DB_Testing.DB_Test">
        <test-method is-config="true" signature="setup()[pri:0, instance:com.qa.DB_Testing.DB_Test@1cbb87f3]" started-at="2022-09-12T20:48:17 IST" name="setup" finished-at="2022-09-12T20:48:21 IST" duration-ms="4285" status="PASS">
          <reporter-output>
          </reporter-output>
        </test-method> <!-- setup -->
        <test-method signature="getTableData()[pri:0, instance:com.qa.DB_Testing.DB_Test@1cbb87f3]" started-at="2022-09-12T20:48:21 IST" name="getTableData" finished-at="2022-09-12T20:48:22 IST" duration-ms="1043" status="PASS">
          <reporter-output>
          </reporter-output>
        </test-method> <!-- getTableData -->
        <test-method is-config="true" signature="tearDown()[pri:0, instance:com.qa.DB_Testing.DB_Test@1cbb87f3]" started-at="2022-09-12T20:48:22 IST" name="tearDown" finished-at="2022-09-12T20:48:22 IST" duration-ms="3" status="PASS">
          <reporter-output>
          </reporter-output>
        </test-method> <!-- tearDown -->
      </class> <!-- com.qa.DB_Testing.DB_Test -->
    </test> <!-- Default test -->
  </suite> <!-- Default suite -->
</testng-results>
